This file contains any messages produced by compilers while
running configure, to aid debugging if configure makes a mistake.

It was created by configure, which was
generated by GNU Autoconf 2.63.  Invocation command line was

  $ ./configure --enable-ffi

## --------- ##
## Platform. ##
## --------- ##

hostname = ip-172-31-24-245
uname -m = x86_64
uname -r = 4.3.0-0.8+plexistor-1-generic
uname -s = Linux
uname -v = #1 SMP Wed Nov 18 06:41:46 CST 2015

/usr/bin/uname -p = unknown
/bin/uname -X     = unknown

/bin/arch              = unknown
/usr/bin/arch -k       = unknown
/usr/convex/getsysinfo = unknown
/usr/bin/hostinfo      = unknown
/bin/machine           = unknown
/usr/bin/oslevel       = unknown
/bin/universe          = unknown

PATH: /usr/local/sbin
PATH: /usr/local/bin
PATH: /usr/sbin
PATH: /usr/bin
PATH: /sbin
PATH: /bin
PATH: /usr/games
PATH: /usr/local/games


## ----------- ##
## Core tests. ##
## ----------- ##

configure:2149: checking for a BSD-compatible install
configure:2217: result: /usr/bin/install -c
configure:2228: checking whether build environment is sane
configure:2271: result: yes
configure:2296: checking for a thread-safe mkdir -p
configure:2335: result: /bin/mkdir -p
configure:2348: checking for gawk
configure:2364: found /usr/bin/gawk
configure:2375: result: gawk
configure:2386: checking whether make sets $(MAKE)
configure:2408: result: yes
configure:2602: checking build system type
configure:2620: result: x86_64-unknown-linux-gnu
configure:2642: checking host system type
configure:2657: result: x86_64-unknown-linux-gnu
configure:3120: checking for style of include used by make
configure:3148: result: GNU
configure:3218: checking for gcc
configure:3234: found /usr/bin/gcc
configure:3245: result: gcc
configure:3477: checking for C compiler version
configure:3485: gcc --version >&5
gcc (Ubuntu 5.2.1-22ubuntu2) 5.2.1 20151010
Copyright (C) 2015 Free Software Foundation, Inc.
This is free software; see the source for copying conditions.  There is NO
warranty; not even for MERCHANTABILITY or FITNESS FOR A PARTICULAR PURPOSE.

configure:3489: $? = 0
configure:3496: gcc -v >&5
Using built-in specs.
COLLECT_GCC=gcc
COLLECT_LTO_WRAPPER=/usr/lib/gcc/x86_64-linux-gnu/5/lto-wrapper
Target: x86_64-linux-gnu
Configured with: ../src/configure -v --with-pkgversion='Ubuntu 5.2.1-22ubuntu2' --with-bugurl=file:///usr/share/doc/gcc-5/README.Bugs --enable-languages=c,ada,c++,java,go,d,fortran,objc,obj-c++ --prefix=/usr --program-suffix=-5 --enable-shared --enable-linker-build-id --libexecdir=/usr/lib --without-included-gettext --enable-threads=posix --libdir=/usr/lib --enable-nls --with-sysroot=/ --enable-clocale=gnu --enable-libstdcxx-debug --enable-libstdcxx-time=yes --with-default-libstdcxx-abi=new --enable-gnu-unique-object --disable-vtable-verify --enable-libmpx --enable-plugin --with-system-zlib --disable-browser-plugin --enable-java-awt=gtk --enable-gtk-cairo --with-java-home=/usr/lib/jvm/java-1.5.0-gcj-5-amd64/jre --enable-java-home --with-jvm-root-dir=/usr/lib/jvm/java-1.5.0-gcj-5-amd64 --with-jvm-jar-dir=/usr/lib/jvm-exports/java-1.5.0-gcj-5-amd64 --with-arch-directory=amd64 --with-ecj-jar=/usr/share/java/eclipse-ecj.jar --enable-objc-gc --enable-multiarch --disable-werror --with-arch-32=i686 --with-abi=m64 --with-multilib-list=m32,m64,mx32 --enable-multilib --with-tune=generic --enable-checking=release --build=x86_64-linux-gnu --host=x86_64-linux-gnu --target=x86_64-linux-gnu
Thread model: posix
gcc version 5.2.1 20151010 (Ubuntu 5.2.1-22ubuntu2) 
configure:3500: $? = 0
configure:3507: gcc -V >&5
gcc: error: unrecognized command line option '-V'
gcc: fatal error: no input files
compilation terminated.
configure:3511: $? = 1
configure:3534: checking for C compiler default output file name
configure:3556: gcc    conftest.c  >&5
configure:3560: $? = 0
configure:3598: result: a.out
configure:3617: checking whether the C compiler works
configure:3627: ./a.out
configure:3631: $? = 0
configure:3650: result: yes
configure:3657: checking whether we are cross compiling
configure:3659: result: no
configure:3662: checking for suffix of executables
configure:3669: gcc -o conftest    conftest.c  >&5
configure:3673: $? = 0
configure:3699: result: 
configure:3705: checking for suffix of object files
configure:3731: gcc -c   conftest.c >&5
configure:3735: $? = 0
configure:3760: result: o
configure:3764: checking whether we are using the GNU C compiler
configure:3793: gcc -c   conftest.c >&5
configure:3800: $? = 0
configure:3817: result: yes
configure:3826: checking whether gcc accepts -g
configure:3856: gcc -c -g  conftest.c >&5
configure:3863: $? = 0
configure:3964: result: yes
configure:3981: checking for gcc option to accept ISO C89
configure:4055: gcc  -c -g -O2  conftest.c >&5
configure:4062: $? = 0
configure:4085: result: none needed
configure:4105: checking dependency style of gcc
configure:4196: result: gcc3
configure:4211: checking for a sed that does not truncate output
configure:4267: result: /bin/sed
configure:4270: checking for grep that handles long lines and -e
configure:4330: result: /bin/grep
configure:4335: checking for egrep
configure:4399: result: /bin/grep -E
configure:4415: checking for ld used by gcc
configure:4482: result: /usr/bin/ld
configure:4491: checking if the linker (/usr/bin/ld) is GNU ld
configure:4506: result: yes
configure:4511: checking for /usr/bin/ld option to reload object files
configure:4518: result: -r
configure:4536: checking for BSD-compatible nm
configure:4585: result: /usr/bin/nm -B
configure:4589: checking whether ln -s works
configure:4593: result: yes
configure:4600: checking how to recognize dependent libraries
configure:4786: result: pass_all
configure:4875: gcc -c -g -O2  conftest.c >&5
configure:4878: $? = 0
configure:5035: checking how to run the C preprocessor
configure:5075: gcc -E  conftest.c
configure:5082: $? = 0
configure:5113: gcc -E  conftest.c
conftest.c:15:28: fatal error: ac_nonexistent.h: No such file or directory
compilation terminated.
configure:5120: $? = 1
configure: failed program was:
| /* confdefs.h.  */
| #define PACKAGE_NAME ""
| #define PACKAGE_TARNAME ""
| #define PACKAGE_VERSION ""
| #define PACKAGE_STRING ""
| #define PACKAGE_BUGREPORT ""
| #define PACKAGE "jamvm"
| #define VERSION "1.5.4"
| #define THREADED 1
| #define DIRECT 1
| #define INLINING 1
| #define CLASSPATH_INSTALL_DIR "/usr/local/classpath"
| #define INSTALL_DIR "/usr/local/jamvm"
| /* end confdefs.h.  */
| #include <ac_nonexistent.h>
configure:5153: result: gcc -E
configure:5182: gcc -E  conftest.c
configure:5189: $? = 0
configure:5220: gcc -E  conftest.c
conftest.c:15:28: fatal error: ac_nonexistent.h: No such file or directory
compilation terminated.
configure:5227: $? = 1
configure: failed program was:
| /* confdefs.h.  */
| #define PACKAGE_NAME ""
| #define PACKAGE_TARNAME ""
| #define PACKAGE_VERSION ""
| #define PACKAGE_STRING ""
| #define PACKAGE_BUGREPORT ""
| #define PACKAGE "jamvm"
| #define VERSION "1.5.4"
| #define THREADED 1
| #define DIRECT 1
| #define INLINING 1
| #define CLASSPATH_INSTALL_DIR "/usr/local/classpath"
| #define INSTALL_DIR "/usr/local/jamvm"
| /* end confdefs.h.  */
| #include <ac_nonexistent.h>
configure:5267: checking for ANSI C header files
configure:5297: gcc -c -g -O2  conftest.c >&5
configure:5304: $? = 0
configure:5403: gcc -o conftest -g -O2   conftest.c  >&5
configure:5407: $? = 0
configure:5413: ./conftest
configure:5417: $? = 0
configure:5435: result: yes
configure:5459: checking for sys/types.h
configure:5480: gcc -c -g -O2  conftest.c >&5
configure:5487: $? = 0
configure:5504: result: yes
configure:5459: checking for sys/stat.h
configure:5480: gcc -c -g -O2  conftest.c >&5
configure:5487: $? = 0
configure:5504: result: yes
configure:5459: checking for stdlib.h
configure:5480: gcc -c -g -O2  conftest.c >&5
configure:5487: $? = 0
configure:5504: result: yes
configure:5459: checking for string.h
configure:5480: gcc -c -g -O2  conftest.c >&5
configure:5487: $? = 0
configure:5504: result: yes
configure:5459: checking for memory.h
configure:5480: gcc -c -g -O2  conftest.c >&5
configure:5487: $? = 0
configure:5504: result: yes
configure:5459: checking for strings.h
configure:5480: gcc -c -g -O2  conftest.c >&5
configure:5487: $? = 0
configure:5504: result: yes
configure:5459: checking for inttypes.h
configure:5480: gcc -c -g -O2  conftest.c >&5
configure:5487: $? = 0
configure:5504: result: yes
configure:5459: checking for stdint.h
configure:5480: gcc -c -g -O2  conftest.c >&5
configure:5487: $? = 0
configure:5504: result: yes
configure:5459: checking for unistd.h
configure:5480: gcc -c -g -O2  conftest.c >&5
configure:5487: $? = 0
configure:5504: result: yes
configure:5534: checking dlfcn.h usability
configure:5551: gcc -c -g -O2  conftest.c >&5
configure:5558: $? = 0
configure:5572: result: yes
configure:5576: checking dlfcn.h presence
configure:5591: gcc -E  conftest.c
configure:5598: $? = 0
configure:5612: result: yes
configure:5640: checking for dlfcn.h
configure:5649: result: yes
configure:5722: checking for g++
configure:5738: found /usr/bin/g++
configure:5749: result: g++
configure:5776: checking for C++ compiler version
configure:5784: g++ --version >&5
g++ (Ubuntu 5.2.1-22ubuntu2) 5.2.1 20151010
Copyright (C) 2015 Free Software Foundation, Inc.
This is free software; see the source for copying conditions.  There is NO
warranty; not even for MERCHANTABILITY or FITNESS FOR A PARTICULAR PURPOSE.

configure:5788: $? = 0
configure:5795: g++ -v >&5
Using built-in specs.
COLLECT_GCC=g++
COLLECT_LTO_WRAPPER=/usr/lib/gcc/x86_64-linux-gnu/5/lto-wrapper
Target: x86_64-linux-gnu
Configured with: ../src/configure -v --with-pkgversion='Ubuntu 5.2.1-22ubuntu2' --with-bugurl=file:///usr/share/doc/gcc-5/README.Bugs --enable-languages=c,ada,c++,java,go,d,fortran,objc,obj-c++ --prefix=/usr --program-suffix=-5 --enable-shared --enable-linker-build-id --libexecdir=/usr/lib --without-included-gettext --enable-threads=posix --libdir=/usr/lib --enable-nls --with-sysroot=/ --enable-clocale=gnu --enable-libstdcxx-debug --enable-libstdcxx-time=yes --with-default-libstdcxx-abi=new --enable-gnu-unique-object --disable-vtable-verify --enable-libmpx --enable-plugin --with-system-zlib --disable-browser-plugin --enable-java-awt=gtk --enable-gtk-cairo --with-java-home=/usr/lib/jvm/java-1.5.0-gcj-5-amd64/jre --enable-java-home --with-jvm-root-dir=/usr/lib/jvm/java-1.5.0-gcj-5-amd64 --with-jvm-jar-dir=/usr/lib/jvm-exports/java-1.5.0-gcj-5-amd64 --with-arch-directory=amd64 --with-ecj-jar=/usr/share/java/eclipse-ecj.jar --enable-objc-gc --enable-multiarch --disable-werror --with-arch-32=i686 --with-abi=m64 --with-multilib-list=m32,m64,mx32 --enable-multilib --with-tune=generic --enable-checking=release --build=x86_64-linux-gnu --host=x86_64-linux-gnu --target=x86_64-linux-gnu
Thread model: posix
gcc version 5.2.1 20151010 (Ubuntu 5.2.1-22ubuntu2) 
configure:5799: $? = 0
configure:5806: g++ -V >&5
g++: error: unrecognized command line option '-V'
g++: fatal error: no input files
compilation terminated.
configure:5810: $? = 1
configure:5813: checking whether we are using the GNU C++ compiler
configure:5842: g++ -c   conftest.cpp >&5
configure:5849: $? = 0
configure:5866: result: yes
configure:5875: checking whether g++ accepts -g
configure:5905: g++ -c -g  conftest.cpp >&5
configure:5912: $? = 0
configure:6013: result: yes
configure:6038: checking dependency style of g++
configure:6129: result: gcc3
configure:6154: checking how to run the C++ preprocessor
configure:6190: g++ -E  conftest.cpp
configure:6197: $? = 0
configure:6228: g++ -E  conftest.cpp
conftest.cpp:26:28: fatal error: ac_nonexistent.h: No such file or directory
compilation terminated.
configure:6235: $? = 1
configure: failed program was:
| /* confdefs.h.  */
| #define PACKAGE_NAME ""
| #define PACKAGE_TARNAME ""
| #define PACKAGE_VERSION ""
| #define PACKAGE_STRING ""
| #define PACKAGE_BUGREPORT ""
| #define PACKAGE "jamvm"
| #define VERSION "1.5.4"
| #define THREADED 1
| #define DIRECT 1
| #define INLINING 1
| #define CLASSPATH_INSTALL_DIR "/usr/local/classpath"
| #define INSTALL_DIR "/usr/local/jamvm"
| #define STDC_HEADERS 1
| #define HAVE_SYS_TYPES_H 1
| #define HAVE_SYS_STAT_H 1
| #define HAVE_STDLIB_H 1
| #define HAVE_STRING_H 1
| #define HAVE_MEMORY_H 1
| #define HAVE_STRINGS_H 1
| #define HAVE_INTTYPES_H 1
| #define HAVE_STDINT_H 1
| #define HAVE_UNISTD_H 1
| #define HAVE_DLFCN_H 1
| /* end confdefs.h.  */
| #include <ac_nonexistent.h>
configure:6268: result: g++ -E
configure:6297: g++ -E  conftest.cpp
configure:6304: $? = 0
configure:6335: g++ -E  conftest.cpp
conftest.cpp:26:28: fatal error: ac_nonexistent.h: No such file or directory
compilation terminated.
configure:6342: $? = 1
configure: failed program was:
| /* confdefs.h.  */
| #define PACKAGE_NAME ""
| #define PACKAGE_TARNAME ""
| #define PACKAGE_VERSION ""
| #define PACKAGE_STRING ""
| #define PACKAGE_BUGREPORT ""
| #define PACKAGE "jamvm"
| #define VERSION "1.5.4"
| #define THREADED 1
| #define DIRECT 1
| #define INLINING 1
| #define CLASSPATH_INSTALL_DIR "/usr/local/classpath"
| #define INSTALL_DIR "/usr/local/jamvm"
| #define STDC_HEADERS 1
| #define HAVE_SYS_TYPES_H 1
| #define HAVE_SYS_STAT_H 1
| #define HAVE_STDLIB_H 1
| #define HAVE_STRING_H 1
| #define HAVE_MEMORY_H 1
| #define HAVE_STRINGS_H 1
| #define HAVE_INTTYPES_H 1
| #define HAVE_STDINT_H 1
| #define HAVE_UNISTD_H 1
| #define HAVE_DLFCN_H 1
| /* end confdefs.h.  */
| #include <ac_nonexistent.h>
configure:6437: checking for g77
configure:6467: result: no
configure:6437: checking for xlf
configure:6467: result: no
configure:6437: checking for f77
configure:6467: result: no
configure:6437: checking for frt
configure:6467: result: no
configure:6437: checking for pgf77
configure:6467: result: no
configure:6437: checking for cf77
configure:6467: result: no
configure:6437: checking for fort77
configure:6467: result: no
configure:6437: checking for fl32
configure:6467: result: no
configure:6437: checking for af77
configure:6467: result: no
configure:6437: checking for xlf90
configure:6467: result: no
configure:6437: checking for f90
configure:6467: result: no
configure:6437: checking for pgf90
configure:6467: result: no
configure:6437: checking for pghpf
configure:6467: result: no
configure:6437: checking for epcf90
configure:6467: result: no
configure:6437: checking for gfortran
configure:6467: result: no
configure:6437: checking for g95
configure:6467: result: no
configure:6437: checking for xlf95
configure:6467: result: no
configure:6437: checking for f95
configure:6467: result: no
configure:6437: checking for fort
configure:6467: result: no
configure:6437: checking for ifort
configure:6467: result: no
configure:6437: checking for ifc
configure:6467: result: no
configure:6437: checking for efc
configure:6467: result: no
configure:6437: checking for pgf95
configure:6467: result: no
configure:6437: checking for lf95
configure:6467: result: no
configure:6437: checking for ftn
configure:6467: result: no
configure:6490: checking for Fortran 77 compiler version
configure:6498:  --version >&5
./configure: line 6500: --version: command not found
configure:6502: $? = 127
configure:6509:  -v >&5
./configure: line 6511: -v: command not found
configure:6513: $? = 127
configure:6520:  -V >&5
./configure: line 6522: -V: command not found
configure:6524: $? = 127
configure:6532: checking whether we are using the GNU Fortran 77 compiler
configure:6551:  -c  conftest.F >&5
./configure: line 6553: -c: command not found
configure:6558: $? = 127
configure: failed program was:
|       program main
| #ifndef __GNUC__
|        choke me
| #endif
| 
|       end
configure:6575: result: no
configure:6581: checking whether  accepts -g
configure:6598:  -c -g conftest.f >&5
./configure: line 6600: -c: command not found
configure:6605: $? = 127
configure: failed program was:
|       program main
| 
|       end
configure:6621: result: no
configure:6654: checking the maximum length of command line arguments
configure:6766: result: 1572864
configure:6778: checking command to parse /usr/bin/nm -B output from gcc object
configure:6883: gcc -c -g -O2  conftest.c >&5
configure:6886: $? = 0
configure:6890: /usr/bin/nm -B conftest.o \| sed -n -e 's/^.*[ 	]\([ABCDGIRSTW][ABCDGIRSTW]*\)[ 	][ 	]*\([_A-Za-z][_A-Za-z0-9]*\)$/\1 \2 \2/p' \> conftest.nm
configure:6893: $? = 0
configure:6945: gcc -o conftest -g -O2   conftest.c conftstm.o >&5
configure:6948: $? = 0
configure:6986: result: ok
configure:6990: checking for objdir
configure:7005: result: .libs
configure:7097: checking for ar
configure:7113: found /usr/bin/ar
configure:7124: result: ar
configure:7189: checking for ranlib
configure:7205: found /usr/bin/ranlib
configure:7216: result: ranlib
configure:7281: checking for strip
configure:7297: found /usr/bin/strip
configure:7308: result: strip
configure:7898: checking if gcc supports -fno-rtti -fno-exceptions
configure:7916: gcc -c -g -O2  -fno-rtti -fno-exceptions conftest.c >&5
cc1: warning: command line option '-fno-rtti' is valid for C++/ObjC++ but not for C
configure:7920: $? = 0
configure:7933: result: no
configure:7948: checking for gcc option to produce PIC
configure:8180: result: -fPIC
configure:8188: checking if gcc PIC flag -fPIC works
configure:8206: gcc -c -g -O2  -fPIC -DPIC conftest.c >&5
configure:8210: $? = 0
configure:8223: result: yes
configure:8251: checking if gcc static flag -static works
configure:8279: result: yes
configure:8289: checking if gcc supports -c -o file.o
configure:8310: gcc -c -g -O2  -o out/conftest2.o conftest.c >&5
configure:8314: $? = 0
configure:8336: result: yes
configure:8362: checking whether the gcc linker (/usr/bin/ld -m elf_x86_64) supports shared libraries
configure:9350: result: yes
configure:9371: checking whether -lc should be explicitly linked in
configure:9376: gcc -c -g -O2  conftest.c >&5
configure:9379: $? = 0
configure:9394: gcc -shared conftest.o  -v -Wl,-soname -Wl,conftest -o conftest 2\>\&1 \| grep  -lc  \>/dev/null 2\>\&1
configure:9397: $? = 0
configure:9409: result: no
configure:9417: checking dynamic linker characteristics
configure:10019: result: GNU/Linux ld.so
configure:10043: checking how to hardcode library paths into programs
configure:10068: result: immediate
configure:10082: checking whether stripping libraries is possible
configure:10087: result: yes
configure:10917: checking if libtool supports shared libraries
configure:10919: result: yes
configure:10922: checking whether to build shared libraries
configure:10943: result: yes
configure:10946: checking whether to build static libraries
configure:10950: result: no
configure:11044: creating libtool
configure:11637: checking for ld used by g++
configure:11704: result: /usr/bin/ld -m elf_x86_64
configure:11713: checking if the linker (/usr/bin/ld -m elf_x86_64) is GNU ld
configure:11728: result: yes
configure:11779: checking whether the g++ linker (/usr/bin/ld -m elf_x86_64) supports shared libraries
configure:12733: result: yes
configure:12750: g++ -c -g -O2  conftest.cpp >&5
configure:12753: $? = 0
configure:12909: checking for g++ option to produce PIC
configure:13193: result: -fPIC
configure:13201: checking if g++ PIC flag -fPIC works
configure:13219: g++ -c -g -O2  -fPIC -DPIC conftest.cpp >&5
configure:13223: $? = 0
configure:13236: result: yes
configure:13264: checking if g++ static flag -static works
configure:13292: result: yes
configure:13302: checking if g++ supports -c -o file.o
configure:13323: g++ -c -g -O2  -o out/conftest2.o conftest.cpp >&5
configure:13327: $? = 0
configure:13349: result: yes
configure:13375: checking whether the g++ linker (/usr/bin/ld -m elf_x86_64) supports shared libraries
configure:13401: result: yes
configure:13468: checking dynamic linker characteristics
configure:14018: result: GNU/Linux ld.so
configure:14042: checking how to hardcode library paths into programs
configure:14067: result: immediate
configure:20353: checking for gcc
configure:20380: result: gcc
configure:20612: checking for C compiler version
configure:20620: gcc --version >&5
gcc (Ubuntu 5.2.1-22ubuntu2) 5.2.1 20151010
Copyright (C) 2015 Free Software Foundation, Inc.
This is free software; see the source for copying conditions.  There is NO
warranty; not even for MERCHANTABILITY or FITNESS FOR A PARTICULAR PURPOSE.

configure:20624: $? = 0
configure:20631: gcc -v >&5
Using built-in specs.
COLLECT_GCC=gcc
COLLECT_LTO_WRAPPER=/usr/lib/gcc/x86_64-linux-gnu/5/lto-wrapper
Target: x86_64-linux-gnu
Configured with: ../src/configure -v --with-pkgversion='Ubuntu 5.2.1-22ubuntu2' --with-bugurl=file:///usr/share/doc/gcc-5/README.Bugs --enable-languages=c,ada,c++,java,go,d,fortran,objc,obj-c++ --prefix=/usr --program-suffix=-5 --enable-shared --enable-linker-build-id --libexecdir=/usr/lib --without-included-gettext --enable-threads=posix --libdir=/usr/lib --enable-nls --with-sysroot=/ --enable-clocale=gnu --enable-libstdcxx-debug --enable-libstdcxx-time=yes --with-default-libstdcxx-abi=new --enable-gnu-unique-object --disable-vtable-verify --enable-libmpx --enable-plugin --with-system-zlib --disable-browser-plugin --enable-java-awt=gtk --enable-gtk-cairo --with-java-home=/usr/lib/jvm/java-1.5.0-gcj-5-amd64/jre --enable-java-home --with-jvm-root-dir=/usr/lib/jvm/java-1.5.0-gcj-5-amd64 --with-jvm-jar-dir=/usr/lib/jvm-exports/java-1.5.0-gcj-5-amd64 --with-arch-directory=amd64 --with-ecj-jar=/usr/share/java/eclipse-ecj.jar --enable-objc-gc --enable-multiarch --disable-werror --with-arch-32=i686 --with-abi=m64 --with-multilib-list=m32,m64,mx32 --enable-multilib --with-tune=generic --enable-checking=release --build=x86_64-linux-gnu --host=x86_64-linux-gnu --target=x86_64-linux-gnu
Thread model: posix
gcc version 5.2.1 20151010 (Ubuntu 5.2.1-22ubuntu2) 
configure:20635: $? = 0
configure:20642: gcc -V >&5
gcc: error: unrecognized command line option '-V'
gcc: fatal error: no input files
compilation terminated.
configure:20646: $? = 1
configure:20649: checking whether we are using the GNU C compiler
configure:20702: result: yes
configure:20711: checking whether gcc accepts -g
configure:20849: result: yes
configure:20866: checking for gcc option to accept ISO C89
configure:20970: result: none needed
configure:20990: checking dependency style of gcc
configure:21081: result: gcc3
configure:21105: checking dependency style of gcc
configure:21196: result: gcc3
configure:21216: checking for ecj
configure:21232: found /usr/bin/ecj
configure:21243: result: ecj
configure:21257: checking for pthread_self in -lthr
configure:21292: gcc -o conftest -g -O2   conftest.c -lthr   >&5
/usr/bin/ld: cannot find -lthr
collect2: error: ld returned 1 exit status
configure:21299: $? = 1
configure: failed program was:
| /* confdefs.h.  */
| #define PACKAGE_NAME ""
| #define PACKAGE_TARNAME ""
| #define PACKAGE_VERSION ""
| #define PACKAGE_STRING ""
| #define PACKAGE_BUGREPORT ""
| #define PACKAGE "jamvm"
| #define VERSION "1.5.4"
| #define THREADED 1
| #define DIRECT 1
| #define INLINING 1
| #define CLASSPATH_INSTALL_DIR "/usr/local/classpath"
| #define INSTALL_DIR "/usr/local/jamvm"
| #define STDC_HEADERS 1
| #define HAVE_SYS_TYPES_H 1
| #define HAVE_SYS_STAT_H 1
| #define HAVE_STDLIB_H 1
| #define HAVE_STRING_H 1
| #define HAVE_MEMORY_H 1
| #define HAVE_STRINGS_H 1
| #define HAVE_INTTYPES_H 1
| #define HAVE_STDINT_H 1
| #define HAVE_UNISTD_H 1
| #define HAVE_DLFCN_H 1
| /* end confdefs.h.  */
| 
| /* Override any GCC internal prototype to avoid an error.
|    Use char because int might match the return type of a GCC
|    builtin and then its argument prototype would still apply.  */
| #ifdef __cplusplus
| extern "C"
| #endif
| char pthread_self ();
| int
| main ()
| {
| return pthread_self ();
|   ;
|   return 0;
| }
configure:21320: result: no
configure:21332: checking for pthread_self in -lpthread
configure:21367: gcc -o conftest -g -O2   conftest.c -lpthread   >&5
configure:21374: $? = 0
configure:21395: result: yes
configure:21415: checking for fmod in -lm
configure:21450: gcc -o conftest -g -O2   conftest.c -lm  -lpthread  >&5
conftest.c:34:6: warning: conflicting types for built-in function 'fmod'
 char fmod ();
      ^
configure:21457: $? = 0
configure:21478: result: yes
configure:21496: checking for dlopen in -ldl
configure:21531: gcc -o conftest -g -O2   conftest.c -ldl  -lm -lpthread  >&5
configure:21538: $? = 0
configure:21559: result: yes
configure:21578: checking for inflate in -lz
configure:21613: gcc -o conftest -g -O2   conftest.c -lz  -ldl -lm -lpthread  >&5
configure:21620: $? = 0
configure:21641: result: yes
configure:21660: checking for ffi_call in -lffi
configure:21695: gcc -o conftest -g -O2   conftest.c -lffi  -lz -ldl -lm -lpthread  >&5
configure:21702: $? = 0
configure:21723: result: yes
configure:21740: checking for ANSI C header files
configure:21908: result: yes
configure:21939: checking sys/time.h usability
configure:21956: gcc -c -g -O2  conftest.c >&5
configure:21963: $? = 0
configure:21977: result: yes
configure:21981: checking sys/time.h presence
configure:21996: gcc -E  conftest.c
configure:22003: $? = 0
configure:22017: result: yes
configure:22045: checking for sys/time.h
configure:22054: result: yes
configure:21928: checking for unistd.h
configure:21935: result: yes
configure:21939: checking endian.h usability
configure:21956: gcc -c -g -O2  conftest.c >&5
configure:21963: $? = 0
configure:21977: result: yes
configure:21981: checking endian.h presence
configure:21996: gcc -E  conftest.c
configure:22003: $? = 0
configure:22017: result: yes
configure:22045: checking for endian.h
configure:22054: result: yes
configure:21939: checking sys/param.h usability
configure:21956: gcc -c -g -O2  conftest.c >&5
configure:21963: $? = 0
configure:21977: result: yes
configure:21981: checking sys/param.h presence
configure:21996: gcc -E  conftest.c
configure:22003: $? = 0
configure:22017: result: yes
configure:22045: checking for sys/param.h
configure:22054: result: yes
configure:21939: checking locale.h usability
configure:21956: gcc -c -g -O2  conftest.c >&5
configure:21963: $? = 0
configure:21977: result: yes
configure:21981: checking locale.h presence
configure:21996: gcc -E  conftest.c
configure:22003: $? = 0
configure:22017: result: yes
configure:22045: checking for locale.h
configure:22054: result: yes
configure:21939: checking alloca.h usability
configure:21956: gcc -c -g -O2  conftest.c >&5
configure:21963: $? = 0
configure:21977: result: yes
configure:21981: checking alloca.h presence
configure:21996: gcc -E  conftest.c
configure:22003: $? = 0
configure:22017: result: yes
configure:22045: checking for alloca.h
configure:22054: result: yes
configure:22081: checking zlib.h usability
configure:22098: gcc -c -g -O2  conftest.c >&5
configure:22105: $? = 0
configure:22119: result: yes
configure:22123: checking zlib.h presence
configure:22138: gcc -E  conftest.c
configure:22145: $? = 0
configure:22159: result: yes
configure:22187: checking for zlib.h
configure:22194: result: yes
configure:22220: checking ffi.h usability
configure:22237: gcc -c -g -O2  conftest.c >&5
configure:22244: $? = 0
configure:22258: result: yes
configure:22262: checking ffi.h presence
configure:22277: gcc -E  conftest.c
configure:22284: $? = 0
configure:22298: result: yes
configure:22326: checking for ffi.h
configure:22333: result: yes
configure:22372: checking for an ANSI C-conforming const
configure:22447: gcc -c -g -O2  conftest.c >&5
configure:22454: $? = 0
configure:22469: result: yes
configure:22479: checking whether time.h and sys/time.h may both be included
configure:22509: gcc -c -g -O2  conftest.c >&5
configure:22516: $? = 0
configure:22531: result: yes
configure:22544: checking for working alloca.h
configure:22571: gcc -o conftest -g -O2   conftest.c -lffi -lz -ldl -lm -lpthread  >&5
configure:22578: $? = 0
configure:22598: result: yes
configure:22608: checking for alloca
configure:22655: gcc -o conftest -g -O2   conftest.c -lffi -lz -ldl -lm -lpthread  >&5
configure:22662: $? = 0
configure:22682: result: yes
configure:22925: checking for stdlib.h
configure:22932: result: yes
configure:22925: checking for unistd.h
configure:22932: result: yes
configure:23070: checking for getpagesize
configure:23126: gcc -o conftest -g -O2   conftest.c -lffi -lz -ldl -lm -lpthread  >&5
configure:23133: $? = 0
configure:23155: result: yes
configure:23167: checking for working mmap
configure:23314: gcc -o conftest -g -O2   conftest.c -lffi -lz -ldl -lm -lpthread  >&5
configure:23318: $? = 0
configure:23324: ./conftest
configure:23328: $? = 0
configure:23345: result: yes
configure:23362: checking for gettimeofday
configure:23418: gcc -o conftest -g -O2   conftest.c -lffi -lz -ldl -lm -lpthread  >&5
configure:23425: $? = 0
configure:23447: result: yes
configure:23362: checking for strtol
configure:23418: gcc -o conftest -g -O2   conftest.c -lffi -lz -ldl -lm -lpthread  >&5
configure:23425: $? = 0
configure:23447: result: yes
configure:23362: checking for setlocale
configure:23418: gcc -o conftest -g -O2   conftest.c -lffi -lz -ldl -lm -lpthread  >&5
configure:23425: $? = 0
configure:23447: result: yes
configure:23460: checking for LC_MESSAGES
configure:23486: gcc -o conftest -g -O2   conftest.c -lffi -lz -ldl -lm -lpthread  >&5
configure:23493: $? = 0
configure:23513: result: yes
configure:23526: checking for __thread
configure:23553: gcc -o conftest -g -O2   conftest.c -lffi -lz -ldl -lm -lpthread  >&5
configure:23560: $? = 0
configure:23573: result: yes
configure:23588: checking whether to enable maintainer-specific portions of Makefiles
configure:23597: result: no
configure:23768: creating ./config.status

## ---------------------- ##
## Running config.status. ##
## ---------------------- ##

This file was extended by config.status, which was
generated by GNU Autoconf 2.63.  Invocation command line was

  CONFIG_FILES    = 
  CONFIG_HEADERS  = 
  CONFIG_LINKS    = 
  CONFIG_COMMANDS = 
  $ ./config.status 

on ip-172-31-24-245

config.status:889: creating Makefile
config.status:889: creating src/Makefile
config.status:889: creating src/interp/Makefile
config.status:889: creating src/interp/engine/Makefile
config.status:889: creating src/arch/Makefile
config.status:889: creating src/os/Makefile
config.status:889: creating src/os/linux/Makefile
config.status:889: creating src/os/darwin/Makefile
config.status:889: creating src/os/bsd/Makefile
config.status:889: creating src/os/solaris/Makefile
config.status:889: creating src/os/solaris/x86/Makefile
config.status:889: creating src/os/linux/powerpc/Makefile
config.status:889: creating src/os/linux/arm/Makefile
config.status:889: creating src/os/linux/i386/Makefile
config.status:889: creating src/os/linux/x86_64/Makefile
config.status:889: creating src/os/linux/parisc/Makefile
config.status:889: creating src/os/linux/mips/Makefile
config.status:889: creating src/os/darwin/i386/Makefile
config.status:889: creating src/os/darwin/arm/Makefile
config.status:889: creating src/os/darwin/powerpc/Makefile
config.status:889: creating src/os/bsd/powerpc/Makefile
config.status:889: creating src/os/bsd/arm/Makefile
config.status:889: creating src/os/bsd/i386/Makefile
config.status:889: creating src/os/bsd/x86_64/Makefile
config.status:889: creating src/os/bsd/sparc/Makefile
config.status:889: creating lib/Makefile
config.status:889: creating lib/java/Makefile
config.status:889: creating lib/java/lang/Makefile
config.status:889: creating lib/jamvm/Makefile
config.status:889: creating lib/jamvm/java/Makefile
config.status:889: creating lib/jamvm/java/lang/Makefile
config.status:889: creating lib/java/lang/reflect/Makefile
config.status:889: creating lib/java/security/Makefile
config.status:889: creating lib/gnu/Makefile
config.status:889: creating lib/sun/reflect/annotation/Makefile
config.status:889: creating lib/sun/reflect/Makefile
config.status:889: creating lib/sun/Makefile
config.status:889: creating lib/gnu/classpath/Makefile
config.status:889: creating src/config.h
config.status:1111: src/config.h is unchanged
config.status:1175: linking src/arch/x86_64.h to src/arch.h
config.status:1198: executing depfiles commands

## ---------------- ##
## Cache variables. ##
## ---------------- ##

ac_cv_build=x86_64-unknown-linux-gnu
ac_cv_c_compiler_gnu=yes
ac_cv_c_const=yes
ac_cv_cxx_compiler_gnu=yes
ac_cv_env_CCASFLAGS_set=
ac_cv_env_CCASFLAGS_value=
ac_cv_env_CCAS_set=
ac_cv_env_CCAS_value=
ac_cv_env_CCC_set=
ac_cv_env_CCC_value=
ac_cv_env_CC_set=
ac_cv_env_CC_value=
ac_cv_env_CFLAGS_set=
ac_cv_env_CFLAGS_value=
ac_cv_env_CPPFLAGS_set=
ac_cv_env_CPPFLAGS_value=
ac_cv_env_CPP_set=
ac_cv_env_CPP_value=
ac_cv_env_CXXCPP_set=
ac_cv_env_CXXCPP_value=
ac_cv_env_CXXFLAGS_set=
ac_cv_env_CXXFLAGS_value=
ac_cv_env_CXX_set=
ac_cv_env_CXX_value=
ac_cv_env_F77_set=
ac_cv_env_F77_value=
ac_cv_env_FFLAGS_set=
ac_cv_env_FFLAGS_value=
ac_cv_env_LDFLAGS_set=
ac_cv_env_LDFLAGS_value=
ac_cv_env_LIBS_set=
ac_cv_env_LIBS_value=
ac_cv_env_build_alias_set=
ac_cv_env_build_alias_value=
ac_cv_env_host_alias_set=
ac_cv_env_host_alias_value=
ac_cv_env_target_alias_set=
ac_cv_env_target_alias_value=
ac_cv_f77_compiler_gnu=no
ac_cv_func_alloca_works=yes
ac_cv_func_getpagesize=yes
ac_cv_func_gettimeofday=yes
ac_cv_func_mmap_fixed_mapped=yes
ac_cv_func_setlocale=yes
ac_cv_func_strtol=yes
ac_cv_header_alloca_h=yes
ac_cv_header_dlfcn_h=yes
ac_cv_header_endian_h=yes
ac_cv_header_ffi_h=yes
ac_cv_header_inttypes_h=yes
ac_cv_header_locale_h=yes
ac_cv_header_memory_h=yes
ac_cv_header_stdc=yes
ac_cv_header_stdint_h=yes
ac_cv_header_stdlib_h=yes
ac_cv_header_string_h=yes
ac_cv_header_strings_h=yes
ac_cv_header_sys_param_h=yes
ac_cv_header_sys_stat_h=yes
ac_cv_header_sys_time_h=yes
ac_cv_header_sys_types_h=yes
ac_cv_header_time=yes
ac_cv_header_unistd_h=yes
ac_cv_header_zlib_h=yes
ac_cv_host=x86_64-unknown-linux-gnu
ac_cv_lib_dl_dlopen=yes
ac_cv_lib_ffi_ffi_call=yes
ac_cv_lib_m_fmod=yes
ac_cv_lib_pthread_pthread_self=yes
ac_cv_lib_thr_pthread_self=no
ac_cv_lib_z_inflate=yes
ac_cv_objext=o
ac_cv_path_EGREP='/bin/grep -E'
ac_cv_path_GREP=/bin/grep
ac_cv_path_install='/usr/bin/install -c'
ac_cv_path_mkdir=/bin/mkdir
ac_cv_prog_AWK=gawk
ac_cv_prog_CPP='gcc -E'
ac_cv_prog_CXXCPP='g++ -E'
ac_cv_prog_JAVAC=ecj
ac_cv_prog_ac_ct_AR=ar
ac_cv_prog_ac_ct_CC=gcc
ac_cv_prog_ac_ct_CXX=g++
ac_cv_prog_ac_ct_RANLIB=ranlib
ac_cv_prog_ac_ct_STRIP=strip
ac_cv_prog_cc_c89=
ac_cv_prog_cc_g=yes
ac_cv_prog_cxx_g=yes
ac_cv_prog_f77_g=no
ac_cv_prog_make_make_set=yes
ac_cv_working_alloca_h=yes
am_cv_CCAS_dependencies_compiler_type=gcc3
am_cv_CC_dependencies_compiler_type=gcc3
am_cv_CXX_dependencies_compiler_type=gcc3
am_cv_val_LC_MESSAGES=yes
lt_cv_deplibs_check_method=pass_all
lt_cv_file_magic_cmd='$MAGIC_CMD'
lt_cv_file_magic_test_file=
lt_cv_ld_reload_flag=-r
lt_cv_objdir=.libs
lt_cv_path_LD=/usr/bin/ld
lt_cv_path_LDCXX='/usr/bin/ld -m elf_x86_64'
lt_cv_path_NM='/usr/bin/nm -B'
lt_cv_path_SED=/bin/sed
lt_cv_prog_compiler_c_o=yes
lt_cv_prog_compiler_c_o_CXX=yes
lt_cv_prog_compiler_pic_works=yes
lt_cv_prog_compiler_pic_works_CXX=yes
lt_cv_prog_compiler_rtti_exceptions=no
lt_cv_prog_compiler_static_works=yes
lt_cv_prog_compiler_static_works_CXX=yes
lt_cv_prog_gnu_ld=yes
lt_cv_prog_gnu_ldcxx=yes
lt_cv_sys_global_symbol_pipe='sed -n -e '\''s/^.*[ 	]\([ABCDGIRSTW][ABCDGIRSTW]*\)[ 	][ 	]*\([_A-Za-z][_A-Za-z0-9]*\)$/\1 \2 \2/p'\'''
lt_cv_sys_global_symbol_to_c_name_address='sed -n -e '\''s/^: \([^ ]*\) $/  {\"\1\", (lt_ptr) 0},/p'\'' -e '\''s/^[BCDEGRST] \([^ ]*\) \([^ ]*\)$/  {"\2", (lt_ptr) \&\2},/p'\'''
lt_cv_sys_global_symbol_to_cdecl='sed -n -e '\''s/^. .* \(.*\)$/extern int \1;/p'\'''
lt_cv_sys_lib_dlsearch_path_spec='/lib /usr/lib /usr/lib/x86_64-linux-gnu/libfakeroot /usr/local/lib /lib/x86_64-linux-gnu /usr/lib/x86_64-linux-gnu /usr/lib/x86_64-linux-gnu/mesa '
lt_cv_sys_lib_search_path_spec='/usr/lib/gcc/x86_64-linux-gnu/5 /usr/lib/x86_64-linux-gnu /usr/lib /lib/x86_64-linux-gnu /lib'
lt_cv_sys_max_cmd_len=1572864
lt_lt_cv_prog_compiler_c_o='"yes"'
lt_lt_cv_prog_compiler_c_o_CXX='"yes"'
lt_lt_cv_sys_global_symbol_pipe='"sed -n -e '\''s/^.*[ 	]\\([ABCDGIRSTW][ABCDGIRSTW]*\\)[ 	][ 	]*\\([_A-Za-z][_A-Za-z0-9]*\\)\$/\\1 \\2 \\2/p'\''"'
lt_lt_cv_sys_global_symbol_to_c_name_address='"sed -n -e '\''s/^: \\([^ ]*\\) \$/  {\\\"\\1\\\", (lt_ptr) 0},/p'\'' -e '\''s/^[BCDEGRST] \\([^ ]*\\) \\([^ ]*\\)\$/  {\"\\2\", (lt_ptr) \\&\\2},/p'\''"'
lt_lt_cv_sys_global_symbol_to_cdecl='"sed -n -e '\''s/^. .* \\(.*\\)\$/extern int \\1;/p'\''"'

## ----------------- ##
## Output variables. ##
## ----------------- ##

ACLOCAL='${SHELL} /home/ubuntu/JamVM-PH/src/jamvm/jamvm-1.5.4/missing --run aclocal-1.10'
ALLOCA=''
AMDEPBACKSLASH='\'
AMDEP_FALSE='#'
AMDEP_TRUE=''
AMTAR='${SHELL} /home/ubuntu/JamVM-PH/src/jamvm/jamvm-1.5.4/missing --run tar'
AR='ar'
AUTOCONF='${SHELL} /home/ubuntu/JamVM-PH/src/jamvm/jamvm-1.5.4/missing --run autoconf'
AUTOHEADER='${SHELL} /home/ubuntu/JamVM-PH/src/jamvm/jamvm-1.5.4/missing --run autoheader'
AUTOMAKE='${SHELL} /home/ubuntu/JamVM-PH/src/jamvm/jamvm-1.5.4/missing --run automake-1.10'
AWK='gawk'
CC='gcc'
CCAS='gcc'
CCASDEPMODE='depmode=gcc3'
CCASFLAGS='-g -O2'
CCDEPMODE='depmode=gcc3'
CFLAGS='-g -O2'
COMPILE_TIME_RELOC_CHECKS_FALSE='#'
COMPILE_TIME_RELOC_CHECKS_TRUE=''
CPP='gcc -E'
CPPFLAGS=''
CXX='g++'
CXXCPP='g++ -E'
CXXDEPMODE='depmode=gcc3'
CXXFLAGS='-g -O2'
CYGPATH_W='echo'
DEFS='-DHAVE_CONFIG_H'
DEPDIR='.deps'
DSYMUTIL=''
ECHO='echo'
ECHO_C=''
ECHO_N='-n'
ECHO_T=''
EGREP='/bin/grep -E'
EXEEXT=''
F77=''
FFLAGS=''
GREP='/bin/grep'
INSTALL_DATA='${INSTALL} -m 644'
INSTALL_PROGRAM='${INSTALL}'
INSTALL_SCRIPT='${INSTALL}'
INSTALL_STRIP_PROGRAM='$(install_sh) -c -s'
JAVAC='ecj'
LDFLAGS=''
LIBOBJS=''
LIBS='-lffi -lz -ldl -lm -lpthread '
LIBTOOL='$(SHELL) $(top_builddir)/libtool'
LN_S='ln -s'
LTLIBOBJS=''
MAINT='#'
MAINTAINER_MODE_FALSE=''
MAINTAINER_MODE_TRUE='#'
MAKEINFO='${SHELL} /home/ubuntu/JamVM-PH/src/jamvm/jamvm-1.5.4/missing --run makeinfo'
MKDIR_P='/bin/mkdir -p'
NMEDIT=''
OBJEXT='o'
PACKAGE='jamvm'
PACKAGE_BUGREPORT=''
PACKAGE_NAME=''
PACKAGE_STRING=''
PACKAGE_TARNAME=''
PACKAGE_VERSION=''
PATH_SEPARATOR=':'
RANLIB='ranlib'
SED='/bin/sed'
SET_MAKE=''
SHELL='/bin/bash'
STRIP='strip'
VERSION='1.5.4'
ac_ct_CC='gcc'
ac_ct_CXX='g++'
ac_ct_F77=''
am__fastdepCCAS_FALSE='#'
am__fastdepCCAS_TRUE=''
am__fastdepCC_FALSE='#'
am__fastdepCC_TRUE=''
am__fastdepCXX_FALSE='#'
am__fastdepCXX_TRUE=''
am__include='include'
am__isrc=''
am__leading_dot='.'
am__quote=''
am__tar='${AMTAR} chof - "$$tardir"'
am__untar='${AMTAR} xf -'
arch='x86_64'
bindir='${exec_prefix}/bin'
build='x86_64-unknown-linux-gnu'
build_alias=''
build_cpu='x86_64'
build_os='linux-gnu'
build_vendor='unknown'
datadir='${datarootdir}'
datarootdir='${prefix}/share'
docdir='${datarootdir}/doc/${PACKAGE}'
dvidir='${docdir}'
exec_prefix='${prefix}'
host='x86_64-unknown-linux-gnu'
host_alias=''
host_cpu='x86_64'
host_os='linux'
host_vendor='unknown'
htmldir='${docdir}'
includedir='${prefix}/include'
infodir='${datarootdir}/info'
install_sh='$(SHELL) /home/ubuntu/JamVM-PH/src/jamvm/jamvm-1.5.4/install-sh'
interp_cflags='-fno-reorder-blocks'
libdir='${exec_prefix}/lib'
libexecdir='${exec_prefix}/libexec'
localedir='${datarootdir}/locale'
localstatedir='${prefix}/var'
mandir='${datarootdir}/man'
mkdir_p='/bin/mkdir -p'
oldincludedir='/usr/include'
os='linux'
pdfdir='${docdir}'
prefix='/usr/local/jamvm'
program_transform_name='s,x,x,'
psdir='${docdir}'
sbindir='${exec_prefix}/sbin'
sharedstatedir='${prefix}/com'
sysconfdir='${prefix}/etc'
target_alias=''
use_zip_no='#'
use_zip_yes=''
with_classpath_install_dir='/usr/local/classpath'

## ----------- ##
## confdefs.h. ##
## ----------- ##

#define PACKAGE_NAME ""
#define PACKAGE_TARNAME ""
#define PACKAGE_VERSION ""
#define PACKAGE_STRING ""
#define PACKAGE_BUGREPORT ""
#define PACKAGE "jamvm"
#define VERSION "1.5.4"
#define THREADED 1
#define DIRECT 1
#define INLINING 1
#define CLASSPATH_INSTALL_DIR "/usr/local/classpath"
#define INSTALL_DIR "/usr/local/jamvm"
#define STDC_HEADERS 1
#define HAVE_SYS_TYPES_H 1
#define HAVE_SYS_STAT_H 1
#define HAVE_STDLIB_H 1
#define HAVE_STRING_H 1
#define HAVE_MEMORY_H 1
#define HAVE_STRINGS_H 1
#define HAVE_INTTYPES_H 1
#define HAVE_STDINT_H 1
#define HAVE_UNISTD_H 1
#define HAVE_DLFCN_H 1
#define HAVE_LIBPTHREAD 1
#define HAVE_LIBM 1
#define HAVE_LIBDL 1
#define HAVE_LIBZ 1
#define HAVE_LIBFFI 1
#define STDC_HEADERS 1
#define HAVE_SYS_TIME_H 1
#define HAVE_UNISTD_H 1
#define HAVE_ENDIAN_H 1
#define HAVE_SYS_PARAM_H 1
#define HAVE_LOCALE_H 1
#define HAVE_ALLOCA_H 1
#define USE_ZIP 1
#define USE_FFI 1
#define TIME_WITH_SYS_TIME 1
#define HAVE_ALLOCA_H 1
#define HAVE_ALLOCA 1
#define HAVE_STDLIB_H 1
#define HAVE_UNISTD_H 1
#define HAVE_GETPAGESIZE 1
#define HAVE_MMAP 1
#define HAVE_GETTIMEOFDAY 1
#define HAVE_STRTOL 1
#define HAVE_SETLOCALE 1
#define HAVE_LC_MESSAGES 1
#define HAVE_TLS 1

configure: exit 0
