This file contains any messages produced by compilers while
running configure, to aid debugging if configure makes a mistake.

It was created by jamvm configure 2.0.0, which was
generated by GNU Autoconf 2.69.  Invocation command line was

  $ ./configure --enable-ffi

## --------- ##
## Platform. ##
## --------- ##

hostname = ubuntu
uname -m = x86_64
uname -r = 3.13.0-43-generic
uname -s = Linux
uname -v = #72-Ubuntu SMP Mon Dec 8 19:35:06 UTC 2014

/usr/bin/uname -p = unknown
/bin/uname -X     = unknown

/bin/arch              = unknown
/usr/bin/arch -k       = unknown
/usr/convex/getsysinfo = unknown
/usr/bin/hostinfo      = unknown
/bin/machine           = unknown
/usr/bin/oslevel       = unknown
/bin/universe          = unknown

PATH: /usr/local/sbin
PATH: /usr/local/bin
PATH: /usr/sbin
PATH: /usr/bin
PATH: /sbin
PATH: /bin
PATH: /usr/games
PATH: /usr/local/games
PATH: /usr/lib/jvm/java-1.7.0-openjdk-amd64/bin


## ----------- ##
## Core tests. ##
## ----------- ##

configure:2385: checking for a BSD-compatible install
configure:2453: result: /usr/bin/install -c
configure:2464: checking whether build environment is sane
configure:2514: result: yes
configure:2655: checking for a thread-safe mkdir -p
configure:2694: result: /bin/mkdir -p
configure:2707: checking for gawk
configure:2723: found /usr/bin/gawk
configure:2734: result: gawk
configure:2745: checking whether make sets $(MAKE)
configure:2767: result: yes
configure:2852: checking build system type
configure:2866: result: x86_64-unknown-linux-gnu
configure:2886: checking host system type
configure:2899: result: x86_64-unknown-linux-gnu
configure:3331: checking how to print strings
configure:3358: result: printf
configure:3391: checking for style of include used by make
configure:3419: result: GNU
configure:3490: checking for gcc
configure:3506: found /usr/bin/gcc
configure:3517: result: gcc
configure:3746: checking for C compiler version
configure:3755: gcc --version >&5
gcc (Ubuntu 4.8.4-2ubuntu1~14.04) 4.8.4
Copyright (C) 2013 Free Software Foundation, Inc.
This is free software; see the source for copying conditions.  There is NO
warranty; not even for MERCHANTABILITY or FITNESS FOR A PARTICULAR PURPOSE.

configure:3766: $? = 0
configure:3755: gcc -v >&5
Using built-in specs.
COLLECT_GCC=gcc
COLLECT_LTO_WRAPPER=/usr/lib/gcc/x86_64-linux-gnu/4.8/lto-wrapper
Target: x86_64-linux-gnu
Configured with: ../src/configure -v --with-pkgversion='Ubuntu 4.8.4-2ubuntu1~14.04' --with-bugurl=file:///usr/share/doc/gcc-4.8/README.Bugs --enable-languages=c,c++,java,go,d,fortran,objc,obj-c++ --prefix=/usr --program-suffix=-4.8 --enable-shared --enable-linker-build-id --libexecdir=/usr/lib --without-included-gettext --enable-threads=posix --with-gxx-include-dir=/usr/include/c++/4.8 --libdir=/usr/lib --enable-nls --with-sysroot=/ --enable-clocale=gnu --enable-libstdcxx-debug --enable-libstdcxx-time=yes --enable-gnu-unique-object --disable-libmudflap --enable-plugin --with-system-zlib --disable-browser-plugin --enable-java-awt=gtk --enable-gtk-cairo --with-java-home=/usr/lib/jvm/java-1.5.0-gcj-4.8-amd64/jre --enable-java-home --with-jvm-root-dir=/usr/lib/jvm/java-1.5.0-gcj-4.8-amd64 --with-jvm-jar-dir=/usr/lib/jvm-exports/java-1.5.0-gcj-4.8-amd64 --with-arch-directory=amd64 --with-ecj-jar=/usr/share/java/eclipse-ecj.jar --enable-objc-gc --enable-multiarch --disable-werror --with-arch-32=i686 --with-abi=m64 --with-multilib-list=m32,m64,mx32 --with-tune=generic --enable-checking=release --build=x86_64-linux-gnu --host=x86_64-linux-gnu --target=x86_64-linux-gnu
Thread model: posix
gcc version 4.8.4 (Ubuntu 4.8.4-2ubuntu1~14.04) 
configure:3766: $? = 0
configure:3755: gcc -V >&5
gcc: error: unrecognized command line option '-V'
gcc: fatal error: no input files
compilation terminated.
configure:3766: $? = 4
configure:3755: gcc -qversion >&5
gcc: error: unrecognized command line option '-qversion'
gcc: fatal error: no input files
compilation terminated.
configure:3766: $? = 4
configure:3786: checking whether the C compiler works
configure:3808: gcc    conftest.c  >&5
configure:3812: $? = 0
configure:3860: result: yes
configure:3863: checking for C compiler default output file name
configure:3865: result: a.out
configure:3871: checking for suffix of executables
configure:3878: gcc -o conftest    conftest.c  >&5
configure:3882: $? = 0
configure:3904: result: 
configure:3926: checking whether we are cross compiling
configure:3934: gcc -o conftest    conftest.c  >&5
configure:3938: $? = 0
configure:3945: ./conftest
configure:3949: $? = 0
configure:3964: result: no
configure:3969: checking for suffix of object files
configure:3991: gcc -c   conftest.c >&5
configure:3995: $? = 0
configure:4016: result: o
configure:4020: checking whether we are using the GNU C compiler
configure:4039: gcc -c   conftest.c >&5
configure:4039: $? = 0
configure:4048: result: yes
configure:4057: checking whether gcc accepts -g
configure:4077: gcc -c -g  conftest.c >&5
configure:4077: $? = 0
configure:4118: result: yes
configure:4135: checking for gcc option to accept ISO C89
configure:4198: gcc  -c -g -O2  conftest.c >&5
configure:4198: $? = 0
configure:4211: result: none needed
configure:4233: checking dependency style of gcc
configure:4344: result: gcc3
configure:4359: checking for a sed that does not truncate output
configure:4423: result: /bin/sed
configure:4441: checking for grep that handles long lines and -e
configure:4499: result: /bin/grep
configure:4504: checking for egrep
configure:4566: result: /bin/grep -E
configure:4571: checking for fgrep
configure:4633: result: /bin/grep -F
configure:4668: checking for ld used by gcc
configure:4735: result: /usr/bin/ld
configure:4742: checking if the linker (/usr/bin/ld) is GNU ld
configure:4757: result: yes
configure:4769: checking for BSD- or MS-compatible name lister (nm)
configure:4818: result: /usr/bin/nm -B
configure:4948: checking the name lister (/usr/bin/nm -B) interface
configure:4955: gcc -c -g -O2  conftest.c >&5
configure:4958: /usr/bin/nm -B "conftest.o"
configure:4961: output
0000000000000000 B some_variable
configure:4968: result: BSD nm
configure:4971: checking whether ln -s works
configure:4975: result: yes
configure:4983: checking the maximum length of command line arguments
configure:5113: result: 1572864
configure:5130: checking whether the shell understands some XSI constructs
configure:5140: result: yes
configure:5144: checking whether the shell understands "+="
configure:5150: result: yes
configure:5185: checking how to convert x86_64-unknown-linux-gnu file names to x86_64-unknown-linux-gnu format
configure:5225: result: func_convert_file_noop
configure:5232: checking how to convert x86_64-unknown-linux-gnu file names to toolchain format
configure:5252: result: func_convert_file_noop
configure:5259: checking for /usr/bin/ld option to reload object files
configure:5266: result: -r
configure:5340: checking for objdump
configure:5356: found /usr/bin/objdump
configure:5367: result: objdump
configure:5399: checking how to recognize dependent libraries
configure:5597: result: pass_all
configure:5682: checking for dlltool
configure:5712: result: no
configure:5742: checking how to associate runtime and link libraries
configure:5769: result: printf %s\n
configure:5830: checking for ar
configure:5846: found /usr/bin/ar
configure:5857: result: ar
configure:5894: checking for archiver @FILE support
configure:5911: gcc -c -g -O2  conftest.c >&5
configure:5911: $? = 0
configure:5914: ar cru libconftest.a @conftest.lst >&5
configure:5917: $? = 0
configure:5922: ar cru libconftest.a @conftest.lst >&5
ar: conftest.o: No such file or directory
configure:5925: $? = 1
configure:5937: result: @
configure:5995: checking for strip
configure:6011: found /usr/bin/strip
configure:6022: result: strip
configure:6094: checking for ranlib
configure:6110: found /usr/bin/ranlib
configure:6121: result: ranlib
configure:6223: checking command to parse /usr/bin/nm -B output from gcc object
configure:6343: gcc -c -g -O2  conftest.c >&5
configure:6346: $? = 0
configure:6350: /usr/bin/nm -B conftest.o \| sed -n -e 's/^.*[ ]\([ABCDGIRSTW][ABCDGIRSTW]*\)[ ][ ]*\([_A-Za-z][_A-Za-z0-9]*\)$/\1 \2 \2/p' | sed '/ __gnu_lto/d' \> conftest.nm
configure:6353: $? = 0
configure:6419: gcc -o conftest -g -O2   conftest.c conftstm.o >&5
configure:6422: $? = 0
configure:6460: result: ok
configure:6497: checking for sysroot
configure:6527: result: no
configure:6604: gcc -c -g -O2  conftest.c >&5
configure:6607: $? = 0
configure:6783: checking for mt
configure:6799: found /bin/mt
configure:6810: result: mt
configure:6833: checking if mt is a manifest tool
configure:6839: mt '-?'
configure:6847: result: no
configure:7489: checking how to run the C preprocessor
configure:7520: gcc -E  conftest.c
configure:7520: $? = 0
configure:7534: gcc -E  conftest.c
conftest.c:16:28: fatal error: ac_nonexistent.h: No such file or directory
 #include <ac_nonexistent.h>
                            ^
compilation terminated.
configure:7534: $? = 1
configure: failed program was:
| /* confdefs.h */
| #define PACKAGE_NAME "jamvm"
| #define PACKAGE_TARNAME "jamvm"
| #define PACKAGE_VERSION "2.0.0"
| #define PACKAGE_STRING "jamvm 2.0.0"
| #define PACKAGE_BUGREPORT ""
| #define PACKAGE_URL ""
| #define PACKAGE "jamvm"
| #define VERSION "2.0.0"
| #define THREADED 1
| #define DIRECT 1
| #define INLINING 1
| #define CLASSPATH_INSTALL_DIR "/usr/local/classpath"
| #define INSTALL_DIR "/usr/local/jamvm"
| /* end confdefs.h.  */
| #include <ac_nonexistent.h>
configure:7559: result: gcc -E
configure:7579: gcc -E  conftest.c
configure:7579: $? = 0
configure:7593: gcc -E  conftest.c
conftest.c:16:28: fatal error: ac_nonexistent.h: No such file or directory
 #include <ac_nonexistent.h>
                            ^
compilation terminated.
configure:7593: $? = 1
configure: failed program was:
| /* confdefs.h */
| #define PACKAGE_NAME "jamvm"
| #define PACKAGE_TARNAME "jamvm"
| #define PACKAGE_VERSION "2.0.0"
| #define PACKAGE_STRING "jamvm 2.0.0"
| #define PACKAGE_BUGREPORT ""
| #define PACKAGE_URL ""
| #define PACKAGE "jamvm"
| #define VERSION "2.0.0"
| #define THREADED 1
| #define DIRECT 1
| #define INLINING 1
| #define CLASSPATH_INSTALL_DIR "/usr/local/classpath"
| #define INSTALL_DIR "/usr/local/jamvm"
| /* end confdefs.h.  */
| #include <ac_nonexistent.h>
configure:7622: checking for ANSI C header files
configure:7642: gcc -c -g -O2  conftest.c >&5
configure:7642: $? = 0
configure:7715: gcc -o conftest -g -O2   conftest.c  >&5
configure:7715: $? = 0
configure:7715: ./conftest
configure:7715: $? = 0
configure:7726: result: yes
configure:7739: checking for sys/types.h
configure:7739: gcc -c -g -O2  conftest.c >&5
configure:7739: $? = 0
configure:7739: result: yes
configure:7739: checking for sys/stat.h
configure:7739: gcc -c -g -O2  conftest.c >&5
configure:7739: $? = 0
configure:7739: result: yes
configure:7739: checking for stdlib.h
configure:7739: gcc -c -g -O2  conftest.c >&5
configure:7739: $? = 0
configure:7739: result: yes
configure:7739: checking for string.h
configure:7739: gcc -c -g -O2  conftest.c >&5
configure:7739: $? = 0
configure:7739: result: yes
configure:7739: checking for memory.h
configure:7739: gcc -c -g -O2  conftest.c >&5
configure:7739: $? = 0
configure:7739: result: yes
configure:7739: checking for strings.h
configure:7739: gcc -c -g -O2  conftest.c >&5
configure:7739: $? = 0
configure:7739: result: yes
configure:7739: checking for inttypes.h
configure:7739: gcc -c -g -O2  conftest.c >&5
configure:7739: $? = 0
configure:7739: result: yes
configure:7739: checking for stdint.h
configure:7739: gcc -c -g -O2  conftest.c >&5
configure:7739: $? = 0
configure:7739: result: yes
configure:7739: checking for unistd.h
configure:7739: gcc -c -g -O2  conftest.c >&5
configure:7739: $? = 0
configure:7739: result: yes
configure:7753: checking for dlfcn.h
configure:7753: gcc -c -g -O2  conftest.c >&5
configure:7753: $? = 0
configure:7753: result: yes
configure:7929: checking for objdir
configure:7944: result: .libs
configure:8211: checking if gcc supports -fno-rtti -fno-exceptions
configure:8229: gcc -c -g -O2  -fno-rtti -fno-exceptions conftest.c >&5
cc1: warning: command line option '-fno-rtti' is valid for C++/ObjC++ but not for C [enabled by default]
configure:8233: $? = 0
configure:8246: result: no
configure:8573: checking for gcc option to produce PIC
configure:8580: result: -fPIC -DPIC
configure:8588: checking if gcc PIC flag -fPIC -DPIC works
configure:8606: gcc -c -g -O2  -fPIC -DPIC -DPIC conftest.c >&5
configure:8610: $? = 0
configure:8623: result: yes
configure:8652: checking if gcc static flag -static works
configure:8680: result: yes
configure:8695: checking if gcc supports -c -o file.o
configure:8716: gcc -c -g -O2  -o out/conftest2.o conftest.c >&5
configure:8720: $? = 0
configure:8742: result: yes
configure:8750: checking if gcc supports -c -o file.o
configure:8797: result: yes
configure:8830: checking whether the gcc linker (/usr/bin/ld -m elf_x86_64) supports shared libraries
configure:9987: result: yes
configure:10024: checking whether -lc should be explicitly linked in
configure:10032: gcc -c -g -O2  conftest.c >&5
configure:10035: $? = 0
configure:10050: gcc -shared  -fPIC -DPIC conftest.o  -v -Wl,-soname -Wl,conftest -o conftest 2\>\&1 \| /bin/grep  -lc  \>/dev/null 2\>\&1
configure:10053: $? = 0
configure:10067: result: no
configure:10227: checking dynamic linker characteristics
configure:10727: gcc -o conftest -g -O2   -Wl,-rpath -Wl,/foo conftest.c  >&5
configure:10727: $? = 0
configure:10961: result: GNU/Linux ld.so
configure:11068: checking how to hardcode library paths into programs
configure:11093: result: immediate
configure:11633: checking whether stripping libraries is possible
configure:11638: result: yes
configure:11673: checking if libtool supports shared libraries
configure:11675: result: yes
configure:11678: checking whether to build shared libraries
configure:11699: result: yes
configure:11702: checking whether to build static libraries
configure:11706: result: no
configure:11792: checking for gcc
configure:11819: result: gcc
configure:12048: checking for C compiler version
configure:12057: gcc --version >&5
gcc (Ubuntu 4.8.4-2ubuntu1~14.04) 4.8.4
Copyright (C) 2013 Free Software Foundation, Inc.
This is free software; see the source for copying conditions.  There is NO
warranty; not even for MERCHANTABILITY or FITNESS FOR A PARTICULAR PURPOSE.

configure:12068: $? = 0
configure:12057: gcc -v >&5
Using built-in specs.
COLLECT_GCC=gcc
COLLECT_LTO_WRAPPER=/usr/lib/gcc/x86_64-linux-gnu/4.8/lto-wrapper
Target: x86_64-linux-gnu
Configured with: ../src/configure -v --with-pkgversion='Ubuntu 4.8.4-2ubuntu1~14.04' --with-bugurl=file:///usr/share/doc/gcc-4.8/README.Bugs --enable-languages=c,c++,java,go,d,fortran,objc,obj-c++ --prefix=/usr --program-suffix=-4.8 --enable-shared --enable-linker-build-id --libexecdir=/usr/lib --without-included-gettext --enable-threads=posix --with-gxx-include-dir=/usr/include/c++/4.8 --libdir=/usr/lib --enable-nls --with-sysroot=/ --enable-clocale=gnu --enable-libstdcxx-debug --enable-libstdcxx-time=yes --enable-gnu-unique-object --disable-libmudflap --enable-plugin --with-system-zlib --disable-browser-plugin --enable-java-awt=gtk --enable-gtk-cairo --with-java-home=/usr/lib/jvm/java-1.5.0-gcj-4.8-amd64/jre --enable-java-home --with-jvm-root-dir=/usr/lib/jvm/java-1.5.0-gcj-4.8-amd64 --with-jvm-jar-dir=/usr/lib/jvm-exports/java-1.5.0-gcj-4.8-amd64 --with-arch-directory=amd64 --with-ecj-jar=/usr/share/java/eclipse-ecj.jar --enable-objc-gc --enable-multiarch --disable-werror --with-arch-32=i686 --with-abi=m64 --with-multilib-list=m32,m64,mx32 --with-tune=generic --enable-checking=release --build=x86_64-linux-gnu --host=x86_64-linux-gnu --target=x86_64-linux-gnu
Thread model: posix
gcc version 4.8.4 (Ubuntu 4.8.4-2ubuntu1~14.04) 
configure:12068: $? = 0
configure:12057: gcc -V >&5
gcc: error: unrecognized command line option '-V'
gcc: fatal error: no input files
compilation terminated.
configure:12068: $? = 4
configure:12057: gcc -qversion >&5
gcc: error: unrecognized command line option '-qversion'
gcc: fatal error: no input files
compilation terminated.
configure:12068: $? = 4
configure:12072: checking whether we are using the GNU C compiler
configure:12100: result: yes
configure:12109: checking whether gcc accepts -g
configure:12170: result: yes
configure:12187: checking for gcc option to accept ISO C89
configure:12263: result: none needed
configure:12285: checking dependency style of gcc
configure:12396: result: gcc3
configure:12420: checking dependency style of gcc
configure:12529: result: gcc3
configure:12549: checking for ecj
configure:12579: result: no
configure:12549: checking for jikes
configure:12579: result: no
configure:12549: checking for gcj
configure:12579: result: no
configure:12549: checking for javac
configure:12565: found /usr/bin/javac
configure:12576: result: javac
configure:12589: checking for pthread_self in -lthr
configure:12614: gcc -o conftest -g -O2   conftest.c -lthr   >&5
/usr/bin/ld: cannot find -lthr
collect2: error: ld returned 1 exit status
configure:12614: $? = 1
configure: failed program was:
| /* confdefs.h */
| #define PACKAGE_NAME "jamvm"
| #define PACKAGE_TARNAME "jamvm"
| #define PACKAGE_VERSION "2.0.0"
| #define PACKAGE_STRING "jamvm 2.0.0"
| #define PACKAGE_BUGREPORT ""
| #define PACKAGE_URL ""
| #define PACKAGE "jamvm"
| #define VERSION "2.0.0"
| #define THREADED 1
| #define DIRECT 1
| #define INLINING 1
| #define CLASSPATH_INSTALL_DIR "/usr/local/classpath"
| #define INSTALL_DIR "/usr/local/jamvm"
| #define STDC_HEADERS 1
| #define HAVE_SYS_TYPES_H 1
| #define HAVE_SYS_STAT_H 1
| #define HAVE_STDLIB_H 1
| #define HAVE_STRING_H 1
| #define HAVE_MEMORY_H 1
| #define HAVE_STRINGS_H 1
| #define HAVE_INTTYPES_H 1
| #define HAVE_STDINT_H 1
| #define HAVE_UNISTD_H 1
| #define HAVE_DLFCN_H 1
| #define LT_OBJDIR ".libs/"
| /* end confdefs.h.  */
| 
| /* Override any GCC internal prototype to avoid an error.
|    Use char because int might match the return type of a GCC
|    builtin and then its argument prototype would still apply.  */
| #ifdef __cplusplus
| extern "C"
| #endif
| char pthread_self ();
| int
| main ()
| {
| return pthread_self ();
|   ;
|   return 0;
| }
configure:12623: result: no
configure:12634: checking for pthread_self in -lpthread
configure:12659: gcc -o conftest -g -O2   conftest.c -lpthread   >&5
configure:12659: $? = 0
configure:12668: result: yes
configure:12685: checking for clock_gettime in -lrt
configure:12710: gcc -o conftest -g -O2   conftest.c -lrt  -lpthread  >&5
configure:12710: $? = 0
configure:12719: result: yes
configure:12731: checking for fmod in -lm
configure:12756: gcc -o conftest -g -O2   conftest.c -lm  -lrt -lpthread  >&5
conftest.c:37:6: warning: conflicting types for built-in function 'fmod' [enabled by default]
 char fmod ();
      ^
configure:12756: $? = 0
configure:12765: result: yes
configure:12780: checking for dlopen in -ldl
configure:12805: gcc -o conftest -g -O2   conftest.c -ldl  -lm -lrt -lpthread  >&5
configure:12805: $? = 0
configure:12814: result: yes
configure:12830: checking for inflate in -lz
configure:12855: gcc -o conftest -g -O2   conftest.c -lz  -ldl -lm -lrt -lpthread  >&5
configure:12855: $? = 0
configure:12864: result: yes
configure:12880: checking for ffi_call in -lffi
configure:12905: gcc -o conftest -g -O2   conftest.c -lffi  -lz -ldl -lm -lrt -lpthread  >&5
configure:12905: $? = 0
configure:12914: result: yes
configure:12929: checking for ANSI C header files
configure:13033: result: yes
configure:13044: checking sys/time.h usability
configure:13044: gcc -c -g -O2  conftest.c >&5
configure:13044: $? = 0
configure:13044: result: yes
configure:13044: checking sys/time.h presence
configure:13044: gcc -E  conftest.c
configure:13044: $? = 0
configure:13044: result: yes
configure:13044: checking for sys/time.h
configure:13044: result: yes
configure:13044: checking for unistd.h
configure:13044: result: yes
configure:13044: checking endian.h usability
configure:13044: gcc -c -g -O2  conftest.c >&5
configure:13044: $? = 0
configure:13044: result: yes
configure:13044: checking endian.h presence
configure:13044: gcc -E  conftest.c
configure:13044: $? = 0
configure:13044: result: yes
configure:13044: checking for endian.h
configure:13044: result: yes
configure:13044: checking sys/param.h usability
configure:13044: gcc -c -g -O2  conftest.c >&5
configure:13044: $? = 0
configure:13044: result: yes
configure:13044: checking sys/param.h presence
configure:13044: gcc -E  conftest.c
configure:13044: $? = 0
configure:13044: result: yes
configure:13044: checking for sys/param.h
configure:13044: result: yes
configure:13044: checking locale.h usability
configure:13044: gcc -c -g -O2  conftest.c >&5
configure:13044: $? = 0
configure:13044: result: yes
configure:13044: checking locale.h presence
configure:13044: gcc -E  conftest.c
configure:13044: $? = 0
configure:13044: result: yes
configure:13044: checking for locale.h
configure:13044: result: yes
configure:13044: checking alloca.h usability
configure:13044: gcc -c -g -O2  conftest.c >&5
configure:13044: $? = 0
configure:13044: result: yes
configure:13044: checking alloca.h presence
configure:13044: gcc -E  conftest.c
configure:13044: $? = 0
configure:13044: result: yes
configure:13044: checking for alloca.h
configure:13044: result: yes
configure:13056: checking zlib.h usability
configure:13056: gcc -c -g -O2  conftest.c >&5
configure:13056: $? = 0
configure:13056: result: yes
configure:13056: checking zlib.h presence
configure:13056: gcc -E  conftest.c
configure:13056: $? = 0
configure:13056: result: yes
configure:13056: checking for zlib.h
configure:13056: result: yes
configure:13067: checking ffi.h usability
configure:13067: gcc -c -g -O2  conftest.c >&5
configure:13067: $? = 0
configure:13067: result: yes
configure:13067: checking ffi.h presence
configure:13067: gcc -E  conftest.c
configure:13067: $? = 0
configure:13067: result: yes
configure:13067: checking for ffi.h
configure:13067: result: yes
configure:13109: checking for an ANSI C-conforming const
configure:13175: gcc -c -g -O2  conftest.c >&5
configure:13175: $? = 0
configure:13182: result: yes
configure:13190: checking whether time.h and sys/time.h may both be included
configure:13210: gcc -c -g -O2  conftest.c >&5
configure:13210: $? = 0
configure:13217: result: yes
configure:13226: checking for size_t
configure:13226: gcc -c -g -O2  conftest.c >&5
configure:13226: $? = 0
configure:13226: gcc -c -g -O2  conftest.c >&5
conftest.c: In function 'main':
conftest.c:80:21: error: expected expression before ')' token
 if (sizeof ((size_t)))
                     ^
configure:13226: $? = 1
configure: failed program was:
| /* confdefs.h */
| #define PACKAGE_NAME "jamvm"
| #define PACKAGE_TARNAME "jamvm"
| #define PACKAGE_VERSION "2.0.0"
| #define PACKAGE_STRING "jamvm 2.0.0"
| #define PACKAGE_BUGREPORT ""
| #define PACKAGE_URL ""
| #define PACKAGE "jamvm"
| #define VERSION "2.0.0"
| #define THREADED 1
| #define DIRECT 1
| #define INLINING 1
| #define CLASSPATH_INSTALL_DIR "/usr/local/classpath"
| #define INSTALL_DIR "/usr/local/jamvm"
| #define STDC_HEADERS 1
| #define HAVE_SYS_TYPES_H 1
| #define HAVE_SYS_STAT_H 1
| #define HAVE_STDLIB_H 1
| #define HAVE_STRING_H 1
| #define HAVE_MEMORY_H 1
| #define HAVE_STRINGS_H 1
| #define HAVE_INTTYPES_H 1
| #define HAVE_STDINT_H 1
| #define HAVE_UNISTD_H 1
| #define HAVE_DLFCN_H 1
| #define LT_OBJDIR ".libs/"
| #define HAVE_LIBPTHREAD 1
| #define HAVE_LIBRT 1
| #define HAVE_LIBM 1
| #define HAVE_LIBDL 1
| #define HAVE_LIBZ 1
| #define HAVE_LIBFFI 1
| #define STDC_HEADERS 1
| #define HAVE_SYS_TIME_H 1
| #define HAVE_UNISTD_H 1
| #define HAVE_ENDIAN_H 1
| #define HAVE_SYS_PARAM_H 1
| #define HAVE_LOCALE_H 1
| #define HAVE_ALLOCA_H 1
| #define USE_ZIP 1
| #define USE_FFI 1
| #define TIME_WITH_SYS_TIME 1
| /* end confdefs.h.  */
| #include <stdio.h>
| #ifdef HAVE_SYS_TYPES_H
| # include <sys/types.h>
| #endif
| #ifdef HAVE_SYS_STAT_H
| # include <sys/stat.h>
| #endif
| #ifdef STDC_HEADERS
| # include <stdlib.h>
| # include <stddef.h>
| #else
| # ifdef HAVE_STDLIB_H
| #  include <stdlib.h>
| # endif
| #endif
| #ifdef HAVE_STRING_H
| # if !defined STDC_HEADERS && defined HAVE_MEMORY_H
| #  include <memory.h>
| # endif
| # include <string.h>
| #endif
| #ifdef HAVE_STRINGS_H
| # include <strings.h>
| #endif
| #ifdef HAVE_INTTYPES_H
| # include <inttypes.h>
| #endif
| #ifdef HAVE_STDINT_H
| # include <stdint.h>
| #endif
| #ifdef HAVE_UNISTD_H
| # include <unistd.h>
| #endif
| int
| main ()
| {
| if (sizeof ((size_t)))
| 	    return 0;
|   ;
|   return 0;
| }
configure:13226: result: yes
configure:13239: checking for working alloca.h
configure:13256: gcc -o conftest -g -O2   conftest.c -lffi -lz -ldl -lm -lrt -lpthread  >&5
configure:13256: $? = 0
configure:13264: result: yes
configure:13272: checking for alloca
configure:13309: gcc -o conftest -g -O2   conftest.c -lffi -lz -ldl -lm -lrt -lpthread  >&5
configure:13309: $? = 0
configure:13317: result: yes
configure:13429: checking for stdlib.h
configure:13429: result: yes
configure:13429: checking for unistd.h
configure:13429: result: yes
configure:13429: checking for sys/param.h
configure:13429: result: yes
configure:13449: checking for getpagesize
configure:13449: gcc -o conftest -g -O2   conftest.c -lffi -lz -ldl -lm -lrt -lpthread  >&5
configure:13449: $? = 0
configure:13449: result: yes
configure:13458: checking for working mmap
configure:13605: gcc -o conftest -g -O2   conftest.c -lffi -lz -ldl -lm -lrt -lpthread  >&5
configure:13605: $? = 0
configure:13605: ./conftest
configure:13605: $? = 0
configure:13615: result: yes
configure:13627: checking for gettimeofday
configure:13627: gcc -o conftest -g -O2   conftest.c -lffi -lz -ldl -lm -lrt -lpthread  >&5
configure:13627: $? = 0
configure:13627: result: yes
configure:13627: checking for strtol
configure:13627: gcc -o conftest -g -O2   conftest.c -lffi -lz -ldl -lm -lrt -lpthread  >&5
configure:13627: $? = 0
configure:13627: result: yes
configure:13627: checking for setlocale
configure:13627: gcc -o conftest -g -O2   conftest.c -lffi -lz -ldl -lm -lrt -lpthread  >&5
configure:13627: $? = 0
configure:13627: result: yes
configure:13637: checking for LC_MESSAGES
configure:13653: gcc -o conftest -g -O2   conftest.c -lffi -lz -ldl -lm -lrt -lpthread  >&5
configure:13653: $? = 0
configure:13661: result: yes
configure:13672: checking for __thread
configure:13689: gcc -o conftest -g -O2   conftest.c -lffi -lz -ldl -lm -lrt -lpthread  >&5
configure:13689: $? = 0
configure:13693: result: yes
configure:13769: checking whether to enable maintainer-specific portions of Makefiles
configure:13778: result: no
configure:13944: creating ./config.status

## ---------------------- ##
## Running config.status. ##
## ---------------------- ##

This file was extended by jamvm config.status 2.0.0, which was
generated by GNU Autoconf 2.69.  Invocation command line was

  CONFIG_FILES    = 
  CONFIG_HEADERS  = 
  CONFIG_LINKS    = 
  CONFIG_COMMANDS = 
  $ ./config.status 

on ubuntu

config.status:1182: creating Makefile
config.status:1182: creating src/Makefile
config.status:1182: creating src/interp/Makefile
config.status:1182: creating src/interp/engine/Makefile
config.status:1182: creating src/arch/Makefile
config.status:1182: creating src/os/Makefile
config.status:1182: creating src/os/linux/Makefile
config.status:1182: creating src/os/darwin/Makefile
config.status:1182: creating src/os/bsd/Makefile
config.status:1182: creating src/os/solaris/Makefile
config.status:1182: creating src/os/solaris/x86/Makefile
config.status:1182: creating src/os/linux/powerpc/Makefile
config.status:1182: creating src/os/linux/arm/Makefile
config.status:1182: creating src/os/linux/i386/Makefile
config.status:1182: creating src/os/linux/x86_64/Makefile
config.status:1182: creating src/os/linux/parisc/Makefile
config.status:1182: creating src/os/linux/mips/Makefile
config.status:1182: creating src/os/darwin/i386/Makefile
config.status:1182: creating src/os/darwin/arm/Makefile
config.status:1182: creating src/os/darwin/powerpc/Makefile
config.status:1182: creating src/os/bsd/powerpc/Makefile
config.status:1182: creating src/os/bsd/arm/Makefile
config.status:1182: creating src/os/bsd/i386/Makefile
config.status:1182: creating src/os/bsd/x86_64/Makefile
config.status:1182: creating src/os/bsd/sparc/Makefile
config.status:1182: creating src/classlib/Makefile
config.status:1182: creating src/classlib/openjdk/Makefile
config.status:1182: creating src/classlib/gnuclasspath/Makefile
config.status:1182: creating src/classlib/gnuclasspath/lib/Makefile
config.status:1182: creating src/classlib/gnuclasspath/lib/java/Makefile
config.status:1182: creating src/classlib/gnuclasspath/lib/java/lang/Makefile
config.status:1182: creating src/classlib/gnuclasspath/lib/jamvm/Makefile
config.status:1182: creating src/classlib/gnuclasspath/lib/jamvm/java/Makefile
config.status:1182: creating src/classlib/gnuclasspath/lib/jamvm/java/lang/Makefile
config.status:1182: creating src/classlib/gnuclasspath/lib/java/lang/reflect/Makefile
config.status:1182: creating src/classlib/gnuclasspath/lib/java/security/Makefile
config.status:1182: creating src/classlib/gnuclasspath/lib/gnu/Makefile
config.status:1182: creating src/classlib/gnuclasspath/lib/sun/reflect/annotation/Makefile
config.status:1182: creating src/classlib/gnuclasspath/lib/sun/reflect/Makefile
config.status:1182: creating src/classlib/gnuclasspath/lib/sun/Makefile
config.status:1182: creating src/classlib/gnuclasspath/lib/gnu/classpath/Makefile
config.status:1182: creating src/config.h
config.status:1423: linking src/arch/x86_64.h to src/arch.h
config.status:1423: linking src/classlib/gnuclasspath/classlib.h to src/classlib.h
config.status:1423: linking src/classlib/gnuclasspath/classlib-defs.h to src/classlib-defs.h
config.status:1423: linking src/classlib/gnuclasspath/classlib-excep.h to src/classlib-excep.h
config.status:1423: linking src/classlib/gnuclasspath/classlib-symbol.h to src/classlib-symbol.h
config.status:1442: executing depfiles commands
config.status:1442: executing libtool commands

## ---------------- ##
## Cache variables. ##
## ---------------- ##

ac_cv_build=x86_64-unknown-linux-gnu
ac_cv_c_compiler_gnu=yes
ac_cv_c_const=yes
ac_cv_env_CCASFLAGS_set=
ac_cv_env_CCASFLAGS_value=
ac_cv_env_CCAS_set=
ac_cv_env_CCAS_value=
ac_cv_env_CC_set=
ac_cv_env_CC_value=
ac_cv_env_CFLAGS_set=
ac_cv_env_CFLAGS_value=
ac_cv_env_CPPFLAGS_set=
ac_cv_env_CPPFLAGS_value=
ac_cv_env_CPP_set=
ac_cv_env_CPP_value=
ac_cv_env_LDFLAGS_set=
ac_cv_env_LDFLAGS_value=
ac_cv_env_LIBS_set=
ac_cv_env_LIBS_value=
ac_cv_env_build_alias_set=
ac_cv_env_build_alias_value=
ac_cv_env_host_alias_set=
ac_cv_env_host_alias_value=
ac_cv_env_target_alias_set=
ac_cv_env_target_alias_value=
ac_cv_func_alloca_works=yes
ac_cv_func_getpagesize=yes
ac_cv_func_gettimeofday=yes
ac_cv_func_mmap_fixed_mapped=yes
ac_cv_func_setlocale=yes
ac_cv_func_strtol=yes
ac_cv_header_alloca_h=yes
ac_cv_header_dlfcn_h=yes
ac_cv_header_endian_h=yes
ac_cv_header_ffi_h=yes
ac_cv_header_inttypes_h=yes
ac_cv_header_locale_h=yes
ac_cv_header_memory_h=yes
ac_cv_header_stdc=yes
ac_cv_header_stdint_h=yes
ac_cv_header_stdlib_h=yes
ac_cv_header_string_h=yes
ac_cv_header_strings_h=yes
ac_cv_header_sys_param_h=yes
ac_cv_header_sys_stat_h=yes
ac_cv_header_sys_time_h=yes
ac_cv_header_sys_types_h=yes
ac_cv_header_time=yes
ac_cv_header_unistd_h=yes
ac_cv_header_zlib_h=yes
ac_cv_host=x86_64-unknown-linux-gnu
ac_cv_lib_dl_dlopen=yes
ac_cv_lib_ffi_ffi_call=yes
ac_cv_lib_m_fmod=yes
ac_cv_lib_pthread_pthread_self=yes
ac_cv_lib_rt_clock_gettime=yes
ac_cv_lib_thr_pthread_self=no
ac_cv_lib_z_inflate=yes
ac_cv_objext=o
ac_cv_path_EGREP='/bin/grep -E'
ac_cv_path_FGREP='/bin/grep -F'
ac_cv_path_GREP=/bin/grep
ac_cv_path_SED=/bin/sed
ac_cv_path_install='/usr/bin/install -c'
ac_cv_path_mkdir=/bin/mkdir
ac_cv_prog_AWK=gawk
ac_cv_prog_CPP='gcc -E'
ac_cv_prog_JAVAC=javac
ac_cv_prog_ac_ct_AR=ar
ac_cv_prog_ac_ct_CC=gcc
ac_cv_prog_ac_ct_MANIFEST_TOOL=mt
ac_cv_prog_ac_ct_OBJDUMP=objdump
ac_cv_prog_ac_ct_RANLIB=ranlib
ac_cv_prog_ac_ct_STRIP=strip
ac_cv_prog_cc_c89=
ac_cv_prog_cc_g=yes
ac_cv_prog_make_make_set=yes
ac_cv_type_size_t=yes
ac_cv_working_alloca_h=yes
am_cv_CCAS_dependencies_compiler_type=gcc3
am_cv_CC_dependencies_compiler_type=gcc3
am_cv_val_LC_MESSAGES=yes
lt_cv_ar_at_file=@
lt_cv_archive_cmds_need_lc=no
lt_cv_deplibs_check_method=pass_all
lt_cv_file_magic_cmd='$MAGIC_CMD'
lt_cv_file_magic_test_file=
lt_cv_ld_reload_flag=-r
lt_cv_nm_interface='BSD nm'
lt_cv_objdir=.libs
lt_cv_path_LD=/usr/bin/ld
lt_cv_path_NM='/usr/bin/nm -B'
lt_cv_path_mainfest_tool=no
lt_cv_prog_compiler_c_o=yes
lt_cv_prog_compiler_pic='-fPIC -DPIC'
lt_cv_prog_compiler_pic_works=yes
lt_cv_prog_compiler_rtti_exceptions=no
lt_cv_prog_compiler_static_works=yes
lt_cv_prog_gnu_ld=yes
lt_cv_sharedlib_from_linklib_cmd='printf %s\n'
lt_cv_shlibpath_overrides_runpath=no
lt_cv_sys_global_symbol_pipe='sed -n -e '\''s/^.*[	 ]\([ABCDGIRSTW][ABCDGIRSTW]*\)[	 ][	 ]*\([_A-Za-z][_A-Za-z0-9]*\)$/\1 \2 \2/p'\'' | sed '\''/ __gnu_lto/d'\'''
lt_cv_sys_global_symbol_to_c_name_address='sed -n -e '\''s/^: \([^ ]*\)[ ]*$/  {\"\1\", (void *) 0},/p'\'' -e '\''s/^[ABCDGIRSTW]* \([^ ]*\) \([^ ]*\)$/  {"\2", (void *) \&\2},/p'\'''
lt_cv_sys_global_symbol_to_c_name_address_lib_prefix='sed -n -e '\''s/^: \([^ ]*\)[ ]*$/  {\"\1\", (void *) 0},/p'\'' -e '\''s/^[ABCDGIRSTW]* \([^ ]*\) \(lib[^ ]*\)$/  {"\2", (void *) \&\2},/p'\'' -e '\''s/^[ABCDGIRSTW]* \([^ ]*\) \([^ ]*\)$/  {"lib\2", (void *) \&\2},/p'\'''
lt_cv_sys_global_symbol_to_cdecl='sed -n -e '\''s/^T .* \(.*\)$/extern int \1();/p'\'' -e '\''s/^[ABCDGIRSTW]* .* \(.*\)$/extern char \1;/p'\'''
lt_cv_sys_max_cmd_len=1572864
lt_cv_to_host_file_cmd=func_convert_file_noop
lt_cv_to_tool_file_cmd=func_convert_file_noop

## ----------------- ##
## Output variables. ##
## ----------------- ##

ACLOCAL='${SHELL} /home/pmfs/Documents/dev/JamVM-PH/src/jamvm/jamvm-2.0.0/missing --run aclocal-1.11'
ALLOCA=''
AMDEPBACKSLASH='\'
AMDEP_FALSE='#'
AMDEP_TRUE=''
AMTAR='$${TAR-tar}'
AR='ar'
AUTOCONF='${SHELL} /home/pmfs/Documents/dev/JamVM-PH/src/jamvm/jamvm-2.0.0/missing --run autoconf'
AUTOHEADER='${SHELL} /home/pmfs/Documents/dev/JamVM-PH/src/jamvm/jamvm-2.0.0/missing --run autoheader'
AUTOMAKE='${SHELL} /home/pmfs/Documents/dev/JamVM-PH/src/jamvm/jamvm-2.0.0/missing --run automake-1.11'
AWK='gawk'
CC='gcc'
CCAS='gcc'
CCASDEPMODE='depmode=gcc3'
CCASFLAGS='-g -O2'
CCDEPMODE='depmode=gcc3'
CFLAGS='-g -O2'
COMPILE_TIME_RELOC_CHECKS_FALSE='#'
COMPILE_TIME_RELOC_CHECKS_TRUE=''
CPP='gcc -E'
CPPFLAGS=''
CYGPATH_W='echo'
DEFS='-DHAVE_CONFIG_H'
DEPDIR='.deps'
DLLTOOL='false'
DSYMUTIL=''
DUMPBIN=''
ECHO_C=''
ECHO_N='-n'
ECHO_T=''
EGREP='/bin/grep -E'
EXEEXT=''
FGREP='/bin/grep -F'
GREP='/bin/grep'
INSTALL_DATA='${INSTALL} -m 644'
INSTALL_PROGRAM='${INSTALL}'
INSTALL_SCRIPT='${INSTALL}'
INSTALL_STRIP_PROGRAM='$(install_sh) -c -s'
JAVAC='javac'
LD='/usr/bin/ld -m elf_x86_64'
LDFLAGS=''
LIBOBJS=''
LIBS='-lffi -lz -ldl -lm -lrt -lpthread '
LIBTOOL='$(SHELL) $(top_builddir)/libtool'
LIPO=''
LN_S='ln -s'
LTLIBOBJS=''
MAINT='#'
MAINTAINER_MODE_FALSE=''
MAINTAINER_MODE_TRUE='#'
MAKEINFO='${SHELL} /home/pmfs/Documents/dev/JamVM-PH/src/jamvm/jamvm-2.0.0/missing --run makeinfo'
MANIFEST_TOOL=':'
MKDIR_P='/bin/mkdir -p'
NM='/usr/bin/nm -B'
NMEDIT=''
OBJDUMP='objdump'
OBJEXT='o'
OTOOL64=''
OTOOL=''
PACKAGE='jamvm'
PACKAGE_BUGREPORT=''
PACKAGE_NAME='jamvm'
PACKAGE_STRING='jamvm 2.0.0'
PACKAGE_TARNAME='jamvm'
PACKAGE_URL=''
PACKAGE_VERSION='2.0.0'
PATH_SEPARATOR=':'
RANLIB='ranlib'
SED='/bin/sed'
SET_MAKE=''
SHELL='/bin/bash'
STRIP='strip'
VERSION='2.0.0'
ac_ct_AR='ar'
ac_ct_CC='gcc'
ac_ct_DUMPBIN=''
am__EXEEXT_FALSE=''
am__EXEEXT_TRUE='#'
am__fastdepCCAS_FALSE='#'
am__fastdepCCAS_TRUE=''
am__fastdepCC_FALSE='#'
am__fastdepCC_TRUE=''
am__include='include'
am__isrc=''
am__leading_dot='.'
am__nodep='_no'
am__quote=''
am__tar='$${TAR-tar} chof - "$$tardir"'
am__untar='$${TAR-tar} xf -'
arch='x86_64'
bindir='${exec_prefix}/bin'
build='x86_64-unknown-linux-gnu'
build_alias=''
build_cpu='x86_64'
build_os='linux-gnu'
build_vendor='unknown'
classlib='gnuclasspath'
datadir='${datarootdir}'
datarootdir='${prefix}/share'
docdir='${datarootdir}/doc/${PACKAGE_TARNAME}'
dvidir='${docdir}'
exec_prefix='${prefix}'
host='x86_64-unknown-linux-gnu'
host_alias=''
host_cpu='x86_64'
host_os='linux'
host_vendor='unknown'
htmldir='${docdir}'
includedir='${prefix}/include'
infodir='${datarootdir}/info'
install_sh='${SHELL} /home/pmfs/Documents/dev/JamVM-PH/src/jamvm/jamvm-2.0.0/install-sh'
interp_cflags=' -fno-reorder-blocks'
libdir='${exec_prefix}/lib'
libexecdir='${exec_prefix}/libexec'
localedir='${datarootdir}/locale'
localstatedir='${prefix}/var'
mandir='${datarootdir}/man'
mkdir_p='/bin/mkdir -p'
oldincludedir='/usr/include'
os='linux'
pdfdir='${docdir}'
prefix='/usr/local/jamvm'
program_transform_name='s,x,x,'
psdir='${docdir}'
sbindir='${exec_prefix}/sbin'
sharedstatedir='${prefix}/com'
sysconfdir='${prefix}/etc'
target_alias=''
use_zip_no='#'
use_zip_yes=''
with_classpath_install_dir='/usr/local/classpath'

## ----------- ##
## confdefs.h. ##
## ----------- ##

/* confdefs.h */
#define PACKAGE_NAME "jamvm"
#define PACKAGE_TARNAME "jamvm"
#define PACKAGE_VERSION "2.0.0"
#define PACKAGE_STRING "jamvm 2.0.0"
#define PACKAGE_BUGREPORT ""
#define PACKAGE_URL ""
#define PACKAGE "jamvm"
#define VERSION "2.0.0"
#define THREADED 1
#define DIRECT 1
#define INLINING 1
#define CLASSPATH_INSTALL_DIR "/usr/local/classpath"
#define INSTALL_DIR "/usr/local/jamvm"
#define STDC_HEADERS 1
#define HAVE_SYS_TYPES_H 1
#define HAVE_SYS_STAT_H 1
#define HAVE_STDLIB_H 1
#define HAVE_STRING_H 1
#define HAVE_MEMORY_H 1
#define HAVE_STRINGS_H 1
#define HAVE_INTTYPES_H 1
#define HAVE_STDINT_H 1
#define HAVE_UNISTD_H 1
#define HAVE_DLFCN_H 1
#define LT_OBJDIR ".libs/"
#define HAVE_LIBPTHREAD 1
#define HAVE_LIBRT 1
#define HAVE_LIBM 1
#define HAVE_LIBDL 1
#define HAVE_LIBZ 1
#define HAVE_LIBFFI 1
#define STDC_HEADERS 1
#define HAVE_SYS_TIME_H 1
#define HAVE_UNISTD_H 1
#define HAVE_ENDIAN_H 1
#define HAVE_SYS_PARAM_H 1
#define HAVE_LOCALE_H 1
#define HAVE_ALLOCA_H 1
#define USE_ZIP 1
#define USE_FFI 1
#define TIME_WITH_SYS_TIME 1
#define HAVE_ALLOCA_H 1
#define HAVE_ALLOCA 1
#define HAVE_STDLIB_H 1
#define HAVE_UNISTD_H 1
#define HAVE_SYS_PARAM_H 1
#define HAVE_GETPAGESIZE 1
#define HAVE_MMAP 1
#define HAVE_GETTIMEOFDAY 1
#define HAVE_STRTOL 1
#define HAVE_SETLOCALE 1
#define HAVE_LC_MESSAGES 1
#define HAVE_TLS 1
#define SHARED_CHAR_BUFFERS 1
#define VERSION_MAJOR 2
#define VERSION_MINOR 0
#define VERSION_MICRO 0

configure: exit 0
